Info_2025/3/31 21:54:44: By AlanDu Time:2025/3/31 21:54:44
Info_2025/3/31 21:54:44: Version 0.1
Info_2025/3/31 21:54:44: Function Protobuf Resolver
Info_2025/3/31 21:54:44: protoDirPath：C:/Workspace/U3D/TEngine/LubanTools/Proto/pb_message
Info_2025/3/31 21:54:44: ProtoOutputPath：../../UnityProject/Assets/GameScripts/HotFix/HotFixCommon/Definition/Constant
Info_2025/3/31 21:54:44: 输出日志：：：1-0
Warn_2025/3/31 21:54:44: 当前有重复mainRoute:1 subRoute0
Info_2025/3/31 21:54:44: 输出日志：：：1-0
Info_2025/3/31 21:54:44: 输出日志：：：1-1
Warn_2025/3/31 21:54:44: 当前有重复mainRoute:1 subRoute1
Info_2025/3/31 21:54:44: 输出日志：：：1-1
Warn_2025/3/31 21:54:44: 当前有重复mainRoute:1 subRoute1
Info_2025/3/31 21:54:44: 输出日志：：：1-1
Info_2025/3/31 21:54:44: 输出日志：：：1-2
Info_2025/3/31 21:54:44: 输出日志：：：1-3
Warn_2025/3/31 21:54:44: 当前有重复mainRoute:1 subRoute3
Info_2025/3/31 21:54:44: 输出日志：：：1-3
Info_2025/3/31 21:54:44: 输出日志：：：1-4
Info_2025/3/31 21:54:44: 输出日志：：：1-5
Info_2025/3/31 21:54:44: 输出日志：：：1-6
